# JRE version: OpenJDK Runtime Environment (8.0_152-b01) (build 1.8.0_152-release-915-b01)
# Java VM: OpenJDK 64-Bit Server VM (25.152-b01 mixed mode windows-amd64 compressed oops)
Heap:
 PSYoungGen      total 144384K, used 35190K [0x00000000e0000000, 0x00000000e9d80000, 0x0000000100000000)
  eden space 132096K, 18% used [0x00000000e0000000,0x00000000e180f278,0x00000000e8100000)
  from space 12288K, 85% used [0x00000000e8d80000,0x00000000e97ce630,0x00000000e9980000)
  to   space 12800K, 0% used [0x00000000e8100000,0x00000000e8100000,0x00000000e8d80000)
 ParOldGen       total 64512K, used 16587K [0x00000000a0000000, 0x00000000a3f00000, 0x00000000e0000000)
  object space 64512K, 25% used [0x00000000a0000000,0x00000000a1032c28,0x00000000a3f00000)
 Metaspace       used 42635K, capacity 43726K, committed 44032K, reserved 1087488K
  class space    used 5727K, capacity 6121K, committed 6144K, reserved 1048576K
GC Heap History (10 events):
Event: 6.027 GC heap before
{Heap before GC invocations=6 (full 1):
 PSYoungGen      total 71680K, used 66560K [0x00000000e0000000, 0x00000000e4b00000, 0x0000000100000000)
  eden space 66560K, 100% used [0x00000000e0000000,0x00000000e4100000,0x00000000e4100000)
  from space 5120K, 0% used [0x00000000e4600000,0x00000000e4600000,0x00000000e4b00000)
  to   space 5120K, 0% used [0x00000000e4100000,0x00000000e4100000,0x00000000e4600000)
 ParOldGen       total 64512K, used 9091K [0x00000000a0000000, 0x00000000a3f00000, 0x00000000e0000000)
  object space 64512K, 14% used [0x00000000a0000000,0x00000000a08e0fe8,0x00000000a3f00000)
 Metaspace       used 26123K, capacity 26738K, committed 26880K, reserved 1073152K
  class space    used 3552K, capacity 3754K, committed 3840K, reserved 1048576K
Event: 6.040 GC heap after
Heap after GC invocations=6 (full 1):
 PSYoungGen      total 71680K, used 5119K [0x00000000e0000000, 0x00000000e7380000, 0x0000000100000000)
  eden space 66560K, 0% used [0x00000000e0000000,0x00000000e0000000,0x00000000e4100000)
  from space 5120K, 99% used [0x00000000e4100000,0x00000000e45ffd80,0x00000000e4600000)
  to   space 10240K, 0% used [0x00000000e6980000,0x00000000e6980000,0x00000000e7380000)
 ParOldGen       total 64512K, used 10821K [0x00000000a0000000, 0x00000000a3f00000, 0x00000000e0000000)
  object space 64512K, 16% used [0x00000000a0000000,0x00000000a0a917b0,0x00000000a3f00000)
 Metaspace       used 26123K, capacity 26738K, committed 26880K, reserved 1073152K
  class space    used 3552K, capacity 3754K, committed 3840K, reserved 1048576K
}
Event: 7.498 GC heap before
{Heap before GC invocations=7 (full 1):
 PSYoungGen      total 71680K, used 71679K [0x00000000e0000000, 0x00000000e7380000, 0x0000000100000000)
  eden space 66560K, 100% used [0x00000000e0000000,0x00000000e4100000,0x00000000e4100000)
  from space 5120K, 99% used [0x00000000e4100000,0x00000000e45ffd80,0x00000000e4600000)
  to   space 10240K, 0% used [0x00000000e6980000,0x00000000e6980000,0x00000000e7380000)
 ParOldGen       total 64512K, used 10821K [0x00000000a0000000, 0x00000000a3f00000, 0x00000000e0000000)
  object space 64512K, 16% used [0x00000000a0000000,0x00000000a0a917b0,0x00000000a3f00000)
 Metaspace       used 31163K, capacity 31886K, committed 32000K, reserved 1077248K
  class space    used 4291K, capacity 4552K, committed 4608K, reserved 1048576K
Event: 7.512 GC heap after
Heap after GC invocations=7 (full 1):
 PSYoungGen      total 104960K, used 9584K [0x00000000e0000000, 0x00000000e7300000, 0x0000000100000000)
  eden space 95232K, 0% used [0x00000000e0000000,0x00000000e0000000,0x00000000e5d00000)
  from space 9728K, 98% used [0x00000000e6980000,0x00000000e72dc1b8,0x00000000e7300000)
  to   space 11264K, 0% used [0x00000000e5d00000,0x00000000e5d00000,0x00000000e6800000)
 ParOldGen       total 64512K, used 10829K [0x00000000a0000000, 0x00000000a3f00000, 0x00000000e0000000)
  object space 64512K, 16% used [0x00000000a0000000,0x00000000a0a937b0,0x00000000a3f00000)
 Metaspace       used 31163K, capacity 31886K, committed 32000K, reserved 1077248K
  class space    used 4291K, capacity 4552K, committed 4608K, reserved 1048576K
}
Event: 9.078 GC heap before
{Heap before GC invocations=8 (full 1):
 PSYoungGen      total 104960K, used 72075K [0x00000000e0000000, 0x00000000e7300000, 0x0000000100000000)
  eden space 95232K, 65% used [0x00000000e0000000,0x00000000e3d06bf8,0x00000000e5d00000)
  from space 9728K, 98% used [0x00000000e6980000,0x00000000e72dc1b8,0x00000000e7300000)
  to   space 11264K, 0% used [0x00000000e5d00000,0x00000000e5d00000,0x00000000e6800000)
 ParOldGen       total 64512K, used 10829K [0x00000000a0000000, 0x00000000a3f00000, 0x00000000e0000000)
  object space 64512K, 16% used [0x00000000a0000000,0x00000000a0a937b0,0x00000000a3f00000)
 Metaspace       used 34407K, capacity 35276K, committed 35416K, reserved 1079296K
  class space    used 4680K, capacity 5006K, committed 5120K, reserved 1048576K
Event: 9.091 GC heap after
Heap after GC invocations=8 (full 1):
 PSYoungGen      total 106496K, used 10162K [0x00000000e0000000, 0x00000000e9980000, 0x0000000100000000)
  eden space 95232K, 0% used [0x00000000e0000000,0x00000000e0000000,0x00000000e5d00000)
  from space 11264K, 90% used [0x00000000e5d00000,0x00000000e66ec890,0x00000000e6800000)
  to   space 12288K, 0% used [0x00000000e8d80000,0x00000000e8d80000,0x00000000e9980000)
 ParOldGen       total 64512K, used 10901K [0x00000000a0000000, 0x00000000a3f00000, 0x00000000e0000000)
  object space 64512K, 16% used [0x00000000a0000000,0x00000000a0aa57c0,0x00000000a3f00000)
 Metaspace       used 34407K, capacity 35276K, committed 35416K, reserved 1079296K
  class space    used 4680K, capacity 5006K, committed 5120K, reserved 1048576K
}
Event: 9.091 GC heap before
{Heap before GC invocations=9 (full 2):
 PSYoungGen      total 106496K, used 10162K [0x00000000e0000000, 0x00000000e9980000, 0x0000000100000000)
  eden space 95232K, 0% used [0x00000000e0000000,0x00000000e0000000,0x00000000e5d00000)
  from space 11264K, 90% used [0x00000000e5d00000,0x00000000e66ec890,0x00000000e6800000)
  to   space 12288K, 0% used [0x00000000e8d80000,0x00000000e8d80000,0x00000000e9980000)
 ParOldGen       total 64512K, used 10901K [0x00000000a0000000, 0x00000000a3f00000, 0x00000000e0000000)
  object space 64512K, 16% used [0x00000000a0000000,0x00000000a0aa57c0,0x00000000a3f00000)
 Metaspace       used 34407K, capacity 35276K, committed 35416K, reserved 1079296K
  class space    used 4680K, capacity 5006K, committed 5120K, reserved 1048576K
Event: 9.173 GC heap after
Heap after GC invocations=9 (full 2):
 PSYoungGen      total 106496K, used 0K [0x00000000e0000000, 0x00000000e9980000, 0x0000000100000000)
  eden space 95232K, 0% used [0x00000000e0000000,0x00000000e0000000,0x00000000e5d00000)
  from space 11264K, 0% used [0x00000000e5d00000,0x00000000e5d00000,0x00000000e6800000)
  to   space 12288K, 0% used [0x00000000e8d80000,0x00000000e8d80000,0x00000000e9980000)
 ParOldGen       total 64512K, used 16587K [0x00000000a0000000, 0x00000000a3f00000, 0x00000000e0000000)
  object space 64512K, 25% used [0x00000000a0000000,0x00000000a1032c28,0x00000000a3f00000)
 Metaspace       used 34407K, capacity 35276K, committed 35416K, reserved 1079296K
  class space    used 4680K, capacity 5006K, committed 5120K, reserved 1048576K
}
Event: 10.775 GC heap before
{Heap before GC invocations=10 (full 2):
 PSYoungGen      total 106496K, used 95232K [0x00000000e0000000, 0x00000000e9980000, 0x0000000100000000)
  eden space 95232K, 100% used [0x00000000e0000000,0x00000000e5d00000,0x00000000e5d00000)
  from space 11264K, 0% used [0x00000000e5d00000,0x00000000e5d00000,0x00000000e6800000)
  to   space 12288K, 0% used [0x00000000e8d80000,0x00000000e8d80000,0x00000000e9980000)
 ParOldGen       total 64512K, used 16587K [0x00000000a0000000, 0x00000000a3f00000, 0x00000000e0000000)
  object space 64512K, 25% used [0x00000000a0000000,0x00000000a1032c28,0x00000000a3f00000)
 Metaspace       used 41521K, capacity 42466K, committed 42752K, reserved 1085440K
  class space    used 5524K, capacity 5876K, committed 5888K, reserved 1048576K
Event: 10.802 GC heap after
Heap after GC invocations=10 (full 2):
 PSYoungGen      total 144384K, used 10553K [0x00000000e0000000, 0x00000000e9d80000, 0x0000000100000000)
  eden space 132096K, 0% used [0x00000000e0000000,0x00000000e0000000,0x00000000e8100000)
  from space 12288K, 85% used [0x00000000e8d80000,0x00000000e97ce630,0x00000000e9980000)
  to   space 12800K, 0% used [0x00000000e8100000,0x00000000e8100000,0x00000000e8d80000)
 ParOldGen       total 64512K, used 16587K [0x00000000a0000000, 0x00000000a3f00000, 0x00000000e0000000)
  object space 64512K, 25% used [0x00000000a0000000,0x00000000a1032c28,0x00000000a3f00000)
 Metaspace       used 41521K, capacity 42466K, committed 42752K, reserved 1085440K
  class space    used 5524K, capacity 5876K, committed 5888K, reserved 1048576K
}

