# JRE version: OpenJDK Runtime Environment (8.0_152-b01) (build 1.8.0_152-release-915-b01)
# Java VM: OpenJDK 64-Bit Server VM (25.152-b01 mixed mode windows-amd64 compressed oops)
Heap:
 PSYoungGen      total 116224K, used 50982K [0x00000000e0000000, 0x00000000e7e00000, 0x0000000100000000)
  eden space 107520K, 40% used [0x00000000e0000000,0x00000000e2a26f88,0x00000000e6900000)
  from space 8704K, 89% used [0x00000000e7580000,0x00000000e7d22970,0x00000000e7e00000)
  to   space 10752K, 0% used [0x00000000e6900000,0x00000000e6900000,0x00000000e7380000)
 ParOldGen       total 90624K, used 15303K [0x00000000a0000000, 0x00000000a5880000, 0x00000000e0000000)
  object space 90624K, 16% used [0x00000000a0000000,0x00000000a0ef1f80,0x00000000a5880000)
 Metaspace       used 44009K, capacity 44926K, committed 45312K, reserved 1089536K
  class space    used 5768K, capacity 6064K, committed 6144K, reserved 1048576K
GC Heap History (10 events):
Event: 13.837 GC heap before
{Heap before GC invocations=8 (full 1):
 PSYoungGen      total 64000K, used 57195K [0x00000000e0000000, 0x00000000e4980000, 0x0000000100000000)
  eden space 52224K, 100% used [0x00000000e0000000,0x00000000e3300000,0x00000000e3300000)
  from space 11776K, 42% used [0x00000000e3e00000,0x00000000e42dafd8,0x00000000e4980000)
  to   space 11264K, 0% used [0x00000000e3300000,0x00000000e3300000,0x00000000e3e00000)
 ParOldGen       total 64000K, used 9411K [0x00000000a0000000, 0x00000000a3e80000, 0x00000000e0000000)
  object space 64000K, 14% used [0x00000000a0000000,0x00000000a0930cc8,0x00000000a3e80000)
 Metaspace       used 29848K, capacity 30370K, committed 30592K, reserved 1075200K
  class space    used 4062K, capacity 4206K, committed 4224K, reserved 1048576K
Event: 13.854 GC heap after
Heap after GC invocations=8 (full 1):
 PSYoungGen      total 63488K, used 6781K [0x00000000e0000000, 0x00000000e6300000, 0x0000000100000000)
  eden space 52224K, 0% used [0x00000000e0000000,0x00000000e0000000,0x00000000e3300000)
  from space 11264K, 60% used [0x00000000e3300000,0x00000000e399f750,0x00000000e3e00000)
  to   space 10752K, 0% used [0x00000000e5880000,0x00000000e5880000,0x00000000e6300000)
 ParOldGen       total 64000K, used 9483K [0x00000000a0000000, 0x00000000a3e80000, 0x00000000e0000000)
  object space 64000K, 14% used [0x00000000a0000000,0x00000000a0942cd8,0x00000000a3e80000)
 Metaspace       used 29848K, capacity 30370K, committed 30592K, reserved 1075200K
  class space    used 4062K, capacity 4206K, committed 4224K, reserved 1048576K
}
Event: 14.974 GC heap before
{Heap before GC invocations=9 (full 1):
 PSYoungGen      total 63488K, used 59005K [0x00000000e0000000, 0x00000000e6300000, 0x0000000100000000)
  eden space 52224K, 100% used [0x00000000e0000000,0x00000000e3300000,0x00000000e3300000)
  from space 11264K, 60% used [0x00000000e3300000,0x00000000e399f750,0x00000000e3e00000)
  to   space 10752K, 0% used [0x00000000e5880000,0x00000000e5880000,0x00000000e6300000)
 ParOldGen       total 64000K, used 9483K [0x00000000a0000000, 0x00000000a3e80000, 0x00000000e0000000)
  object space 64000K, 14% used [0x00000000a0000000,0x00000000a0942cd8,0x00000000a3e80000)
 Metaspace       used 32236K, capacity 32832K, committed 33024K, reserved 1077248K
  class space    used 4388K, capacity 4599K, committed 4608K, reserved 1048576K
Event: 14.984 GC heap after
Heap after GC invocations=9 (full 1):
 PSYoungGen      total 90624K, used 7849K [0x00000000e0000000, 0x00000000e6380000, 0x0000000100000000)
  eden space 79872K, 0% used [0x00000000e0000000,0x00000000e0000000,0x00000000e4e00000)
  from space 10752K, 73% used [0x00000000e5880000,0x00000000e602a788,0x00000000e6300000)
  to   space 10752K, 0% used [0x00000000e4e00000,0x00000000e4e00000,0x00000000e5880000)
 ParOldGen       total 64000K, used 9491K [0x00000000a0000000, 0x00000000a3e80000, 0x00000000e0000000)
  object space 64000K, 14% used [0x00000000a0000000,0x00000000a0944cd8,0x00000000a3e80000)
 Metaspace       used 32236K, capacity 32832K, committed 33024K, reserved 1077248K
  class space    used 4388K, capacity 4599K, committed 4608K, reserved 1048576K
}
Event: 15.781 GC heap before
{Heap before GC invocations=10 (full 1):
 PSYoungGen      total 90624K, used 26821K [0x00000000e0000000, 0x00000000e6380000, 0x0000000100000000)
  eden space 79872K, 23% used [0x00000000e0000000,0x00000000e1286f40,0x00000000e4e00000)
  from space 10752K, 73% used [0x00000000e5880000,0x00000000e602a788,0x00000000e6300000)
  to   space 10752K, 0% used [0x00000000e4e00000,0x00000000e4e00000,0x00000000e5880000)
 ParOldGen       total 64000K, used 9491K [0x00000000a0000000, 0x00000000a3e80000, 0x00000000e0000000)
  object space 64000K, 14% used [0x00000000a0000000,0x00000000a0944cd8,0x00000000a3e80000)
 Metaspace       used 34667K, capacity 35324K, committed 35416K, reserved 1079296K
  class space    used 4611K, capacity 4813K, committed 4864K, reserved 1048576K
Event: 15.797 GC heap after
Heap after GC invocations=10 (full 1):
 PSYoungGen      total 90624K, used 5253K [0x00000000e0000000, 0x00000000e8000000, 0x0000000100000000)
  eden space 79872K, 0% used [0x00000000e0000000,0x00000000e0000000,0x00000000e4e00000)
  from space 10752K, 48% used [0x00000000e4e00000,0x00000000e5321568,0x00000000e5880000)
  to   space 10752K, 0% used [0x00000000e7580000,0x00000000e7580000,0x00000000e8000000)
 ParOldGen       total 64000K, used 12819K [0x00000000a0000000, 0x00000000a3e80000, 0x00000000e0000000)
  object space 64000K, 20% used [0x00000000a0000000,0x00000000a0c84d18,0x00000000a3e80000)
 Metaspace       used 34667K, capacity 35324K, committed 35416K, reserved 1079296K
  class space    used 4611K, capacity 4813K, committed 4864K, reserved 1048576K
}
Event: 15.797 GC heap before
{Heap before GC invocations=11 (full 2):
 PSYoungGen      total 90624K, used 5253K [0x00000000e0000000, 0x00000000e8000000, 0x0000000100000000)
  eden space 79872K, 0% used [0x00000000e0000000,0x00000000e0000000,0x00000000e4e00000)
  from space 10752K, 48% used [0x00000000e4e00000,0x00000000e5321568,0x00000000e5880000)
  to   space 10752K, 0% used [0x00000000e7580000,0x00000000e7580000,0x00000000e8000000)
 ParOldGen       total 64000K, used 12819K [0x00000000a0000000, 0x00000000a3e80000, 0x00000000e0000000)
  object space 64000K, 20% used [0x00000000a0000000,0x00000000a0c84d18,0x00000000a3e80000)
 Metaspace       used 34667K, capacity 35324K, committed 35416K, reserved 1079296K
  class space    used 4611K, capacity 4813K, committed 4864K, reserved 1048576K
Event: 15.878 GC heap after
Heap after GC invocations=11 (full 2):
 PSYoungGen      total 90624K, used 0K [0x00000000e0000000, 0x00000000e8000000, 0x0000000100000000)
  eden space 79872K, 0% used [0x00000000e0000000,0x00000000e0000000,0x00000000e4e00000)
  from space 10752K, 0% used [0x00000000e4e00000,0x00000000e4e00000,0x00000000e5880000)
  to   space 10752K, 0% used [0x00000000e7580000,0x00000000e7580000,0x00000000e8000000)
 ParOldGen       total 90624K, used 15295K [0x00000000a0000000, 0x00000000a5880000, 0x00000000e0000000)
  object space 90624K, 16% used [0x00000000a0000000,0x00000000a0eeff80,0x00000000a5880000)
 Metaspace       used 34640K, capacity 35236K, committed 35416K, reserved 1079296K
  class space    used 4603K, capacity 4805K, committed 4864K, reserved 1048576K
}
Event: 17.589 GC heap before
{Heap before GC invocations=12 (full 2):
 PSYoungGen      total 90624K, used 79872K [0x00000000e0000000, 0x00000000e8000000, 0x0000000100000000)
  eden space 79872K, 100% used [0x00000000e0000000,0x00000000e4e00000,0x00000000e4e00000)
  from space 10752K, 0% used [0x00000000e4e00000,0x00000000e4e00000,0x00000000e5880000)
  to   space 10752K, 0% used [0x00000000e7580000,0x00000000e7580000,0x00000000e8000000)
 ParOldGen       total 90624K, used 15295K [0x00000000a0000000, 0x00000000a5880000, 0x00000000e0000000)
  object space 90624K, 16% used [0x00000000a0000000,0x00000000a0eeff80,0x00000000a5880000)
 Metaspace       used 42521K, capacity 43350K, committed 43776K, reserved 1087488K
  class space    used 5564K, capacity 5829K, committed 5888K, reserved 1048576K
Event: 17.605 GC heap after
Heap after GC invocations=12 (full 2):
 PSYoungGen      total 116224K, used 7818K [0x00000000e0000000, 0x00000000e7e00000, 0x0000000100000000)
  eden space 107520K, 0% used [0x00000000e0000000,0x00000000e0000000,0x00000000e6900000)
  from space 8704K, 89% used [0x00000000e7580000,0x00000000e7d22970,0x00000000e7e00000)
  to   space 10752K, 0% used [0x00000000e6900000,0x00000000e6900000,0x00000000e7380000)
 ParOldGen       total 90624K, used 15303K [0x00000000a0000000, 0x00000000a5880000, 0x00000000e0000000)
  object space 90624K, 16% used [0x00000000a0000000,0x00000000a0ef1f80,0x00000000a5880000)
 Metaspace       used 42521K, capacity 43350K, committed 43776K, reserved 1087488K
  class space    used 5564K, capacity 5829K, committed 5888K, reserved 1048576K
}

